[0m2021.11.01 16:56:00 INFO  Started: Metals version 0.10.8 in workspace '/home/yald/Documents/Training/Apprenticeship/Rock the JVM' for client Visual Studio Code 1.61.2.[0m
[0m2021.11.01 16:56:02 INFO  time: initialize in 1.79s[0m
[0m2021.11.01 16:56:05 WARN  Build server is not auto-connectable.[0m
[0m2021.11.01 16:56:05 WARN  no build tool detected in workspace '/home/yald/Documents/Training/Apprenticeship/Rock the JVM'. The most common cause for this problem is that the editor was opened in the wrong working directory, for example if you use sbt then the workspace directory should contain build.sbt. [0m
[0m2021.11.01 16:56:55 INFO  [0m
[0m2021.11.01 16:56:55 INFO  Template applied in /home/yald/Documents/Training/Apprenticeship/Rock the JVM/./scala-at-light-speed[0m
[0m2021.11.01 16:56:55 INFO  [0m
[0m2021.11.01 16:56:55 INFO  time: ran 'giter8.Giter8' in 5.5s[0m
[0m2021.11.01 16:57:14 INFO  shutting down Metals[0m
2022.07.10 14:00:59 INFO  tracing is disabled for protocol LSP, to enable tracing of incoming and outgoing JSON messages create an empty file at e:\YALD\Project\y-ald\Apprenticeship\Rock the JVM\.metals\lsp.trace.json or C:\Users\temp\AppData\Local\scalameta\metals\cache\lsp.trace.json
2022.07.10 14:01:00 INFO  logging to file E:\YALD\Project\y-ald\Apprenticeship\Rock the JVM\.metals\metals.log
2022.07.10 14:01:00 INFO  Started: Metals version 0.11.7 in workspace 'E:\YALD\Project\y-ald\Apprenticeship\Rock the JVM' for client Visual Studio Code 1.69.0.
2022.07.10 14:01:03 INFO  time: initialize in 3.36s
2022.07.10 14:01:03 INFO  Deleting old database format E:\YALD\Project\y-ald\Apprenticeship\Rock the JVM\.metals\metals.h2.db
2022.07.10 14:01:05 WARN  Flyway upgrade recommended: H2 2.1.214 is newer than this version of Flyway and support has not been tested. The latest supported version of H2 is 2.1.210.
2022.07.10 14:01:05 WARN  Build server is not auto-connectable.
2022.07.10 14:01:05 WARN  no build tool detected in workspace 'E:\YALD\Project\y-ald\Apprenticeship\Rock the JVM'. The most common cause for this problem is that the editor was opened in the wrong working directory, for example if you use sbt then the workspace directory should contain build.sbt. 
2022.07.10 14:01:06 WARN  no build target for: E:\YALD\Project\y-ald\Apprenticeship\Rock the JVM\scala-at-light-speed\src\main\scala\Main.scala
2022.07.10 14:01:17 INFO  no build target found for E:\YALD\Project\y-ald\Apprenticeship\Rock the JVM\scala-at-light-speed\src\main\scala\Main.scala. Using presentation compiler with project's scala-library version: 3.1.3
2022.07.10 14:01:20 INFO  time: code lens generation in 12s
2022.07.10 14:01:44 WARN  no build target for: E:\YALD\Project\y-ald\Apprenticeship\Rock the JVM\scala-at-light-speed\src\main\scala\Main.scala
juil. 10, 2022 2:01:44 PM org.eclipse.lsp4j.jsonrpc.RemoteEndpoint fallbackResponseError
GRAVE: Internal error: scala.meta.internal.metals.debug.BuildTargetNotFoundForPathException: No build target could be found for the path: E:\YALD\Project\y-ald\Apprenticeship\Rock the JVM\scala-at-light-speed\src\main\scala\Main.scala
java.util.concurrent.CompletionException: scala.meta.internal.metals.debug.BuildTargetNotFoundForPathException: No build target could be found for the path: E:\YALD\Project\y-ald\Apprenticeship\Rock the JVM\scala-at-light-speed\src\main\scala\Main.scala
	at java.util.concurrent.CompletableFuture.encodeThrowable(CompletableFuture.java:292)
	at java.util.concurrent.CompletableFuture.completeThrowable(CompletableFuture.java:308)
	at java.util.concurrent.CompletableFuture.uniAccept(CompletableFuture.java:661)
	at java.util.concurrent.CompletableFuture$UniAccept.tryFire(CompletableFuture.java:646)
	at java.util.concurrent.CompletableFuture.uniAcceptStage(CompletableFuture.java:686)
	at java.util.concurrent.CompletableFuture.thenAcceptAsync(CompletableFuture.java:2014)
	at scala.concurrent.java8.FuturesConvertersImpl$CF.thenAccept(FutureConvertersImpl.scala:37)
	at org.eclipse.lsp4j.jsonrpc.RemoteEndpoint.handleRequest(RemoteEndpoint.java:279)
	at org.eclipse.lsp4j.jsonrpc.RemoteEndpoint.consume(RemoteEndpoint.java:190)
	at org.eclipse.lsp4j.jsonrpc.json.StreamMessageProducer.handleMessage(StreamMessageProducer.java:194)
	at org.eclipse.lsp4j.jsonrpc.json.StreamMessageProducer.listen(StreamMessageProducer.java:94)
	at org.eclipse.lsp4j.jsonrpc.json.ConcurrentMessageProcessor.run(ConcurrentMessageProcessor.java:113)
	at java.util.concurrent.Executors$RunnableAdapter.call(Executors.java:511)
	at java.util.concurrent.FutureTask.run(FutureTask.java:266)
	at java.util.concurrent.ThreadPoolExecutor.runWorker(ThreadPoolExecutor.java:1149)
	at java.util.concurrent.ThreadPoolExecutor$Worker.run(ThreadPoolExecutor.java:624)
	at java.lang.Thread.run(Thread.java:748)
Caused by: scala.meta.internal.metals.debug.BuildTargetNotFoundForPathException: No build target could be found for the path: E:\YALD\Project\y-ald\Apprenticeship\Rock the JVM\scala-at-light-speed\src\main\scala\Main.scala
	at scala.meta.internal.metals.debug.DebugProvider.debugDiscovery(DebugProvider.scala:398)
	at scala.meta.internal.metals.MetalsLanguageServer.executeCommand(MetalsLanguageServer.scala:1882)
	at sun.reflect.NativeMethodAccessorImpl.invoke0(Native Method)
	at sun.reflect.NativeMethodAccessorImpl.invoke(NativeMethodAccessorImpl.java:62)
	at sun.reflect.DelegatingMethodAccessorImpl.invoke(DelegatingMethodAccessorImpl.java:43)
	at java.lang.reflect.Method.invoke(Method.java:498)
	at org.eclipse.lsp4j.jsonrpc.services.GenericEndpoint.lambda$null$0(GenericEndpoint.java:65)
	at org.eclipse.lsp4j.jsonrpc.services.GenericEndpoint.request(GenericEndpoint.java:120)
	at org.eclipse.lsp4j.jsonrpc.RemoteEndpoint.handleRequest(RemoteEndpoint.java:261)
	... 9 more

2022.07.10 14:11:03 WARN  no build target for: E:\YALD\Project\y-ald\Apprenticeship\Rock the JVM\scala-at-light-speed\build.sbt
2022.07.10 14:11:18 WARN  no build tool detected in workspace 'E:\YALD\Project\y-ald\Apprenticeship\Rock the JVM'. The most common cause for this problem is that the editor was opened in the wrong working directory, for example if you use sbt then the workspace directory should contain build.sbt. 
2022.07.10 14:11:26 WARN  no build tool detected in workspace 'E:\YALD\Project\y-ald\Apprenticeship\Rock the JVM'. The most common cause for this problem is that the editor was opened in the wrong working directory, for example if you use sbt then the workspace directory should contain build.sbt. 
2022.07.10 14:12:43 INFO  Attempting to connect to the build server...
2022.07.10 14:12:43 INFO  No build server found
2022.07.10 14:12:43 INFO  time: Connected to build server in 40ms
2022.07.10 14:12:43 WARN  no build target for: E:\YALD\Project\y-ald\Apprenticeship\Rock the JVM\scala-at-light-speed\build.sbt
2022.07.10 14:12:43 WARN  no build target for: E:\YALD\Project\y-ald\Apprenticeship\Rock the JVM\scala-at-light-speed\src\main\scala\Main.scala
2022.07.10 14:55:12 WARN  no build tool detected in workspace 'E:\YALD\Project\y-ald\Apprenticeship\Rock the JVM'. The most common cause for this problem is that the editor was opened in the wrong working directory, for example if you use sbt then the workspace directory should contain build.sbt. 
2022.07.10 16:45:54 INFO  tracing is disabled for protocol LSP, to enable tracing of incoming and outgoing JSON messages create an empty file at e:\YALD\Project\y-ald\Apprenticeship\Rock the JVM\.metals\lsp.trace.json or C:\Users\temp\AppData\Local\scalameta\metals\cache\lsp.trace.json
2022.07.10 16:45:58 INFO  logging to file E:\YALD\Project\y-ald\Apprenticeship\Rock the JVM\.metals\metals.log
2022.07.10 16:45:58 INFO  Started: Metals version 0.11.7 in workspace 'E:\YALD\Project\y-ald\Apprenticeship\Rock the JVM' for client Visual Studio Code 1.69.0.
2022.07.10 16:46:01 INFO  time: initialize in 3.9s
2022.07.10 16:46:07 WARN  Flyway upgrade recommended: H2 2.1.214 is newer than this version of Flyway and support has not been tested. The latest supported version of H2 is 2.1.210.
2022.07.10 16:46:07 WARN  Build server is not auto-connectable.
2022.07.10 16:46:07 WARN  no build tool detected in workspace 'E:\YALD\Project\y-ald\Apprenticeship\Rock the JVM'. The most common cause for this problem is that the editor was opened in the wrong working directory, for example if you use sbt then the workspace directory should contain build.sbt. 
2022.07.10 16:46:08 WARN  no build target for: E:\YALD\Project\y-ald\Apprenticeship\Rock the JVM\scala-at-light-speed\src\main\scala\Main.scala
2022.07.10 16:46:12 INFO  no build target found for E:\YALD\Project\y-ald\Apprenticeship\Rock the JVM\scala-at-light-speed\src\main\scala\Main.scala. Using presentation compiler with project's scala-library version: 3.1.3
2022.07.10 16:46:16 INFO  time: code lens generation in 7.44s
2022.07.10 16:52:59 WARN  no build target for: E:\YALD\Project\y-ald\Apprenticeship\Rock the JVM\scala-at-light-speed\src\main\scala\Main.scala
2022.07.10 16:53:04 INFO  time: code lens generation in 1.09s
2022.07.10 16:53:35 WARN  no build target for: E:\YALD\Project\y-ald\Apprenticeship\Rock the JVM\scala-at-light-speed\src\main\scala\Main.scala
juil. 10, 2022 4:53:35 PM org.eclipse.lsp4j.jsonrpc.RemoteEndpoint fallbackResponseError
GRAVE: Internal error: scala.meta.internal.metals.debug.BuildTargetNotFoundForPathException: No build target could be found for the path: E:\YALD\Project\y-ald\Apprenticeship\Rock the JVM\scala-at-light-speed\src\main\scala\Main.scala
java.util.concurrent.CompletionException: scala.meta.internal.metals.debug.BuildTargetNotFoundForPathException: No build target could be found for the path: E:\YALD\Project\y-ald\Apprenticeship\Rock the JVM\scala-at-light-speed\src\main\scala\Main.scala
	at java.util.concurrent.CompletableFuture.encodeThrowable(CompletableFuture.java:292)
	at java.util.concurrent.CompletableFuture.completeThrowable(CompletableFuture.java:308)
	at java.util.concurrent.CompletableFuture.uniAccept(CompletableFuture.java:661)
	at java.util.concurrent.CompletableFuture$UniAccept.tryFire(CompletableFuture.java:646)
	at java.util.concurrent.CompletableFuture.uniAcceptStage(CompletableFuture.java:686)
	at java.util.concurrent.CompletableFuture.thenAcceptAsync(CompletableFuture.java:2014)
	at scala.concurrent.java8.FuturesConvertersImpl$CF.thenAccept(FutureConvertersImpl.scala:37)
	at org.eclipse.lsp4j.jsonrpc.RemoteEndpoint.handleRequest(RemoteEndpoint.java:279)
	at org.eclipse.lsp4j.jsonrpc.RemoteEndpoint.consume(RemoteEndpoint.java:190)
	at org.eclipse.lsp4j.jsonrpc.json.StreamMessageProducer.handleMessage(StreamMessageProducer.java:194)
	at org.eclipse.lsp4j.jsonrpc.json.StreamMessageProducer.listen(StreamMessageProducer.java:94)
	at org.eclipse.lsp4j.jsonrpc.json.ConcurrentMessageProcessor.run(ConcurrentMessageProcessor.java:113)
	at java.util.concurrent.Executors$RunnableAdapter.call(Executors.java:511)
	at java.util.concurrent.FutureTask.run(FutureTask.java:266)
	at java.util.concurrent.ThreadPoolExecutor.runWorker(ThreadPoolExecutor.java:1149)
	at java.util.concurrent.ThreadPoolExecutor$Worker.run(ThreadPoolExecutor.java:624)
	at java.lang.Thread.run(Thread.java:748)
Caused by: scala.meta.internal.metals.debug.BuildTargetNotFoundForPathException: No build target could be found for the path: E:\YALD\Project\y-ald\Apprenticeship\Rock the JVM\scala-at-light-speed\src\main\scala\Main.scala
	at scala.meta.internal.metals.debug.DebugProvider.debugDiscovery(DebugProvider.scala:398)
	at scala.meta.internal.metals.MetalsLanguageServer.executeCommand(MetalsLanguageServer.scala:1882)
	at sun.reflect.NativeMethodAccessorImpl.invoke0(Native Method)
	at sun.reflect.NativeMethodAccessorImpl.invoke(NativeMethodAccessorImpl.java:62)
	at sun.reflect.DelegatingMethodAccessorImpl.invoke(DelegatingMethodAccessorImpl.java:43)
	at java.lang.reflect.Method.invoke(Method.java:498)
	at org.eclipse.lsp4j.jsonrpc.services.GenericEndpoint.lambda$null$0(GenericEndpoint.java:65)
	at org.eclipse.lsp4j.jsonrpc.services.GenericEndpoint.request(GenericEndpoint.java:120)
	at org.eclipse.lsp4j.jsonrpc.RemoteEndpoint.handleRequest(RemoteEndpoint.java:261)
	... 9 more

2022.07.10 16:53:51 WARN  no build target for: E:\YALD\Project\y-ald\Apprenticeship\Rock the JVM\scala-at-light-speed\build.sbt
2022.07.10 16:54:38 WARN  no build target for: E:\YALD\Project\y-ald\Apprenticeship\Rock the JVM\scala-at-light-speed\build.sbt
2022.07.10 16:54:44 WARN  no build target for: E:\YALD\Project\y-ald\Apprenticeship\Rock the JVM\scala-at-light-speed\src\main\scala\Main.scala
2022.07.10 16:54:52 WARN  no build target for: E:\YALD\Project\y-ald\Apprenticeship\Rock the JVM\scala-at-light-speed\build.sbt
2022.07.10 16:55:28 WARN  no build tool detected in workspace 'E:\YALD\Project\y-ald\Apprenticeship\Rock the JVM'. The most common cause for this problem is that the editor was opened in the wrong working directory, for example if you use sbt then the workspace directory should contain build.sbt. 
2022.07.10 16:55:38 WARN  no build tool detected in workspace 'E:\YALD\Project\y-ald\Apprenticeship\Rock the JVM'. The most common cause for this problem is that the editor was opened in the wrong working directory, for example if you use sbt then the workspace directory should contain build.sbt. 
2022.07.10 16:56:29 WARN  no build target for: E:\YALD\Project\y-ald\Apprenticeship\Rock the JVM\scala-at-light-speed\src\main\scala\Basics.scala
juil. 10, 2022 4:56:39 PM org.eclipse.lsp4j.jsonrpc.RemoteEndpoint fallbackResponseError
GRAVE: Internal error: scala.meta.internal.metals.debug.BuildTargetNotFoundForPathException: No build target could be found for the path: E:\YALD\Project\y-ald\Apprenticeship\Rock the JVM\scala-at-light-speed\src\main\scala\Basics.scala
java.util.concurrent.CompletionException: scala.meta.internal.metals.debug.BuildTargetNotFoundForPathException: No build target could be found for the path: E:\YALD\Project\y-ald\Apprenticeship\Rock the JVM\scala-at-light-speed\src\main\scala\Basics.scala
	at java.util.concurrent.CompletableFuture.encodeThrowable(CompletableFuture.java:292)
	at java.util.concurrent.CompletableFuture.completeThrowable(CompletableFuture.java:308)
	at java.util.concurrent.CompletableFuture.uniAccept(CompletableFuture.java:661)
	at java.util.concurrent.CompletableFuture$UniAccept.tryFire(CompletableFuture.java:646)
	at java.util.concurrent.CompletableFuture.uniAcceptStage(CompletableFuture.java:686)
	at java.util.concurrent.CompletableFuture.thenAcceptAsync(CompletableFuture.java:2014)
	at scala.concurrent.java8.FuturesConvertersImpl$CF.thenAccept(FutureConvertersImpl.scala:37)
	at org.eclipse.lsp4j.jsonrpc.RemoteEndpoint.handleRequest(RemoteEndpoint.java:279)
	at org.eclipse.lsp4j.jsonrpc.RemoteEndpoint.consume(RemoteEndpoint.java:190)
	at org.eclipse.lsp4j.jsonrpc.json.StreamMessageProducer.handleMessage(StreamMessageProducer.java:194)
	at org.eclipse.lsp4j.jsonrpc.json.StreamMessageProducer.listen(StreamMessageProducer.java:94)
	at org.eclipse.lsp4j.jsonrpc.json.ConcurrentMessageProcessor.run(ConcurrentMessageProcessor.java:113)
	at java.util.concurrent.Executors$RunnableAdapter.call(Executors.java:511)
	at java.util.concurrent.FutureTask.run(FutureTask.java:266)
	at java.util.concurrent.ThreadPoolExecutor.runWorker(ThreadPoolExecutor.java:1149)
	at java.util.concurrent.ThreadPoolExecutor$Worker.run(ThreadPoolExecutor.java:624)
	at java.lang.Thread.run(Thread.java:748)
Caused by: scala.meta.internal.metals.debug.BuildTargetNotFoundForPathException: No build target could be found for the path: E:\YALD\Project\y-ald\Apprenticeship\Rock the JVM\scala-at-light-speed\src\main\scala\Basics.scala
	at scala.meta.internal.metals.debug.DebugProvider.debugDiscovery(DebugProvider.scala:398)
	at scala.meta.internal.metals.MetalsLanguageServer.executeCommand(MetalsLanguageServer.scala:1882)
	at sun.reflect.NativeMethodAccessorImpl.invoke0(Native Method)
	at sun.reflect.NativeMethodAccessorImpl.invoke(NativeMethodAccessorImpl.java:62)
	at sun.reflect.DelegatingMethodAccessorImpl.invoke(DelegatingMethodAccessorImpl.java:43)
	at java.lang.reflect.Method.invoke(Method.java:498)
	at org.eclipse.lsp4j.jsonrpc.services.GenericEndpoint.lambda$null$0(GenericEndpoint.java:65)
	at org.eclipse.lsp4j.jsonrpc.services.GenericEndpoint.request(GenericEndpoint.java:120)
	at org.eclipse.lsp4j.jsonrpc.RemoteEndpoint.handleRequest(RemoteEndpoint.java:261)
	... 9 more

2022.07.10 16:56:39 WARN  no build target for: E:\YALD\Project\y-ald\Apprenticeship\Rock the JVM\scala-at-light-speed\src\main\scala\Basics.scala
2022.07.10 16:58:28 INFO  
2022.07.10 16:58:28 INFO  Template applied in E:\YALD\Project\y-ald\Apprenticeship\Rock the JVM\.\hello-world
2022.07.10 16:58:28 INFO  
2022.07.10 16:58:28 INFO  time: ran 'giter8.Giter8' in 8.85s
2022.07.10 16:59:57 WARN  no build target for: E:\YALD\Project\y-ald\Apprenticeship\Rock the JVM\hello-world\src\main\scala\Main.scala
2022.07.10 17:00:03 WARN  no build target for: E:\YALD\Project\y-ald\Apprenticeship\Rock the JVM\hello-world\src\main\scala\Main.scala
juil. 10, 2022 5:00:03 PM org.eclipse.lsp4j.jsonrpc.RemoteEndpoint fallbackResponseError
GRAVE: Internal error: scala.meta.internal.metals.debug.BuildTargetNotFoundForPathException: No build target could be found for the path: E:\YALD\Project\y-ald\Apprenticeship\Rock the JVM\hello-world\src\main\scala\Main.scala
java.util.concurrent.CompletionException: scala.meta.internal.metals.debug.BuildTargetNotFoundForPathException: No build target could be found for the path: E:\YALD\Project\y-ald\Apprenticeship\Rock the JVM\hello-world\src\main\scala\Main.scala
	at java.util.concurrent.CompletableFuture.encodeThrowable(CompletableFuture.java:292)
	at java.util.concurrent.CompletableFuture.completeThrowable(CompletableFuture.java:308)
	at java.util.concurrent.CompletableFuture.uniAccept(CompletableFuture.java:661)
	at java.util.concurrent.CompletableFuture$UniAccept.tryFire(CompletableFuture.java:646)
	at java.util.concurrent.CompletableFuture.uniAcceptStage(CompletableFuture.java:686)
	at java.util.concurrent.CompletableFuture.thenAcceptAsync(CompletableFuture.java:2014)
	at scala.concurrent.java8.FuturesConvertersImpl$CF.thenAccept(FutureConvertersImpl.scala:37)
	at org.eclipse.lsp4j.jsonrpc.RemoteEndpoint.handleRequest(RemoteEndpoint.java:279)
	at org.eclipse.lsp4j.jsonrpc.RemoteEndpoint.consume(RemoteEndpoint.java:190)
	at org.eclipse.lsp4j.jsonrpc.json.StreamMessageProducer.handleMessage(StreamMessageProducer.java:194)
	at org.eclipse.lsp4j.jsonrpc.json.StreamMessageProducer.listen(StreamMessageProducer.java:94)
	at org.eclipse.lsp4j.jsonrpc.json.ConcurrentMessageProcessor.run(ConcurrentMessageProcessor.java:113)
	at java.util.concurrent.Executors$RunnableAdapter.call(Executors.java:511)
	at java.util.concurrent.FutureTask.run(FutureTask.java:266)
	at java.util.concurrent.ThreadPoolExecutor.runWorker(ThreadPoolExecutor.java:1149)
	at java.util.concurrent.ThreadPoolExecutor$Worker.run(ThreadPoolExecutor.java:624)
	at java.lang.Thread.run(Thread.java:748)
Caused by: scala.meta.internal.metals.debug.BuildTargetNotFoundForPathException: No build target could be found for the path: E:\YALD\Project\y-ald\Apprenticeship\Rock the JVM\hello-world\src\main\scala\Main.scala
	at scala.meta.internal.metals.debug.DebugProvider.debugDiscovery(DebugProvider.scala:398)
	at scala.meta.internal.metals.MetalsLanguageServer.executeCommand(MetalsLanguageServer.scala:1882)
	at sun.reflect.NativeMethodAccessorImpl.invoke0(Native Method)
	at sun.reflect.NativeMethodAccessorImpl.invoke(NativeMethodAccessorImpl.java:62)
	at sun.reflect.DelegatingMethodAccessorImpl.invoke(DelegatingMethodAccessorImpl.java:43)
	at java.lang.reflect.Method.invoke(Method.java:498)
	at org.eclipse.lsp4j.jsonrpc.services.GenericEndpoint.lambda$null$0(GenericEndpoint.java:65)
	at org.eclipse.lsp4j.jsonrpc.services.GenericEndpoint.request(GenericEndpoint.java:120)
	at org.eclipse.lsp4j.jsonrpc.RemoteEndpoint.handleRequest(RemoteEndpoint.java:261)
	... 9 more

2022.07.10 17:00:58 WARN  no build target for: E:\YALD\Project\y-ald\Apprenticeship\Rock the JVM\hello-world\build.sbt
2022.07.10 17:01:08 WARN  no build target for: E:\YALD\Project\y-ald\Apprenticeship\Rock the JVM\hello-world\build.sbt
2022.07.10 17:01:17 WARN  no build tool detected in workspace 'E:\YALD\Project\y-ald\Apprenticeship\Rock the JVM'. The most common cause for this problem is that the editor was opened in the wrong working directory, for example if you use sbt then the workspace directory should contain build.sbt. 
2022.07.10 17:01:35 WARN  Build server is not auto-connectable.
2022.07.10 17:01:36 WARN  Build server is not auto-connectable.
2022.07.10 17:01:37 WARN  Build server is not auto-connectable.
2022.07.10 17:01:37 WARN  Build server is not auto-connectable.
2022.07.10 17:01:38 WARN  Build server is not auto-connectable.
2022.07.10 17:01:42 WARN  Build server is not auto-connectable.
2022.07.10 17:01:42 WARN  Build server is not auto-connectable.
